{16:14:5 pm} - [INCOMING] > <policy-file-request/>
{16:14:5 pm} - [INCOMING] > <msg t='sys'><body action='verChk' r='0'><ver v='153' /></body></msg>
{16:14:5 pm} - [INCOMING] > <msg t='sys'><body action='rndK' r='-1'></body></msg>
{16:14:5 pm} - [INCOMING] > <msg t='sys'><body action='login' r='0'><login z='w1'><nick><![CDATA[teste]]></nick><pword><![CDATA[EAG@H@L@G@]]></pword></login></body></msg>
{16:16:8 pm} - [INCOMING] > <policy-file-request/>
{16:16:9 pm} - [INCOMING] > <msg t='sys'><body action='verChk' r='0'><ver v='153' /></body></msg>
{16:16:9 pm} - [INCOMING] > <msg t='sys'><body action='rndK' r='-1'></body></msg>
{16:16:9 pm} - [INCOMING] > <msg t='sys'><body action='login' r='0'><login z='w1'><nick><![CDATA[teste]]></nick><pword><![CDATA[KDGENEI@G@]]></pword></login></body></msg>
{16:21:13 pm} - [INCOMING] > <policy-file-request/>
{16:21:13 pm} - [INCOMING] > <msg t='sys'><body action='verChk' r='0'><ver v='153' /></body></msg>
{16:21:13 pm} - [INCOMING] > <msg t='sys'><body action='rndK' r='-1'></body></msg>
{16:21:13 pm} - [INCOMING] > <msg t='sys'><body action='login' r='0'><login z='w1'><nick><![CDATA[teste]]></nick><pword><![CDATA[FDG@J@MED@]]></pword></login></body></msg>
{16:21:35 pm} - [INCOMING] > <policy-file-request/>
{16:21:35 pm} - [INCOMING] > <msg t='sys'><body action='verChk' r='0'><ver v='153' /></body></msg>
{16:21:35 pm} - [INCOMING] > <msg t='sys'><body action='rndK' r='-1'></body></msg>
{16:21:35 pm} - [INCOMING] > <msg t='sys'><body action='login' r='0'><login z='w1'><nick><![CDATA[teste]]></nick><pword><![CDATA[BAMEFEJECE]]></pword></login></body></msg>
{16:21:57 pm} - [INCOMING] > <policy-file-request/>
{16:21:57 pm} - [INCOMING] > <msg t='sys'><body action='verChk' r='0'><ver v='153' /></body></msg>
{16:21:57 pm} - [INCOMING] > <msg t='sys'><body action='rndK' r='-1'></body></msg>
{16:21:57 pm} - [INCOMING] > <msg t='sys'><body action='login' r='0'><login z='w1'><nick><![CDATA[teste]]></nick><pword><![CDATA[ADEEKEKEGE]]></pword></login></body></msg>
{16:25:17 pm} - [INCOMING] > <policy-file-request/>
{16:25:17 pm} - [INCOMING] > <msg t='sys'><body action='verChk' r='0'><ver v='153' /></body></msg>
{16:25:17 pm} - [INCOMING] > <msg t='sys'><body action='rndK' r='-1'></body></msg>
{16:25:17 pm} - [INCOMING] > <msg t='sys'><body action='login' r='0'><login z='w1'><nick><![CDATA[teste]]></nick><pword><![CDATA[KDG@KEMEE@]]></pword></login></body></msg>
{16:25:22 pm} - [INCOMING] > <msg t='sys'><body action='verChk' r='0'><ver v='153' /></body></msg>
{16:25:22 pm} - [INCOMING] > <msg t='sys'><body action='rndK' r='-1'></body></msg>
{16:25:22 pm} - [INCOMING] > <msg t='sys'><body action='login' r='0'><login z='w1'><nick><![CDATA[teste]]></nick><pword><![CDATA[JDEEHEHECE]]></pword></login></body></msg>
{16:25:23 pm} - [INCOMING] > %xt%s%j#js%-1%%90602f5f47d8%en%
{16:25:23 pm} - [INCOMING] > %xt%s%i#gi%-1%
{16:25:23 pm} - [INCOMING] > %xt%s%b#gb%-1%
{16:25:23 pm} - [INCOMING] > %xt%s%i#qpa%-1%102%
{16:25:25 pm} - [INCOMING] > %xt%s%u#sp%-1%381%221%
{16:25:27 pm} - [INCOMING] > %xt%s%u#sp%-1%240%200%
{16:25:28 pm} - [INCOMING] > %xt%s%j#jr%-1%410%320%310%
{16:25:34 pm} - [INCOMING] > %xt%s%j#jr%-1%100%0%0%
{16:25:35 pm} - [INCOMING] > %xt%s%u#sp%-1%275%225%
{16:25:36 pm} - [INCOMING] > %xt%s%j#jr%-1%110%350%225%
{16:25:38 pm} - [INCOMING] > %xt%s%u#sp%-1%222%334%
{16:25:40 pm} - [INCOMING] > %xt%s%u#se%-1%1%
{16:25:41 pm} - [INCOMING] > %xt%s%u#sp%-1%129%221%
{16:25:43 pm} - [INCOMING] > %xt%s%u#sp%-1%138%213%
{16:25:43 pm} - [INCOMING] > %xt%s%u#sp%-1%350%324%
{16:25:44 pm} - [INCOMING] > %xt%s%u#sp%-1%520%320%
{16:25:50 pm} - [INCOMING] > %xt%s%u#sp%-1%474%369%
{16:25:51 pm} - [INCOMING] > %xt%s%u#sp%-1%520%320%
{16:25:54 pm} - [INCOMING] > %xt%s%j#jr%-1%200%0%0%
{16:25:56 pm} - [INCOMING] > %xt%s%u#sp%-1%670%240%
{16:25:56 pm} - [INCOMING] > %xt%s%u#sp%-1%670%240%
{16:25:59 pm} - [INCOMING] > %xt%s%j#jr%-1%210%500%280%
{16:26:1 pm} - [INCOMING] > %xt%s%u#sp%-1%230%270%
{16:26:23 pm} - [INCOMING] > %xt%s%u#h%-1%
{16:27:18 pm} - [INCOMING] > %xt%s%j#jr%-1%100%0%0%
{16:27:23 pm} - [INCOMING] > %xt%s%u#h%-1%
{16:27:27 pm} - [INCOMING] > %xt%s%j#jr%-1%321%0%0%
{16:27:31 pm} - [INCOMING] > %xt%s%u#sp%-1%390%300%
{16:27:31 pm} - [INCOMING] > %xt%s%j#jr%-1%320%200%330%
{16:27:40 pm} - [INCOMING] > %xt%s%j#jr%-1%805%0%0%
{16:27:42 pm} - [INCOMING] > %xt%s%u#sp%-1%635%160%
{16:27:48 pm} - [INCOMING] > %xt%s%u#sp%-1%334%208%
{16:27:53 pm} - [INCOMING] > %xt%s%j#jr%-1%100%0%0%
{16:27:54 pm} - [INCOMING] > %xt%s%u#sp%-1%342%205%
{16:27:57 pm} - [INCOMING] > %xt%s%j#jr%-1%120%150%280%
{16:28:1 pm} - [INCOMING] > %xt%s%u#sp%-1%260%150%
{16:28:1 pm} - [INCOMING] > %xt%s%u#sp%-1%260%150%
{16:28:6 pm} - [INCOMING] > %xt%s%j#jr%-1%800%0%0%
{16:28:8 pm} - [INCOMING] > %xt%s%u#sp%-1%118%324%
{16:28:23 pm} - [INCOMING] > %xt%s%u#h%-1%
{16:29:23 pm} - [INCOMING] > %xt%s%u#h%-1%
{16:30:23 pm} - [INCOMING] > %xt%s%u#h%-1%
{16:30:24 pm} - [INCOMING] > %xt%s%g#gr%-1%
{16:30:29 pm} - [INCOMING] > %xt%s%j#jr%-1%100%0%0%
{16:30:31 pm} - [INCOMING] > %xt%s%u#sp%-1%275%225%
{16:30:32 pm} - [INCOMING] > %xt%s%j#jr%-1%110%350%225%
{16:30:34 pm} - [INCOMING] > %xt%s%u#sp%-1%520%320%
{16:30:51 pm} - [INCOMING] > %xt%s%j#jr%-1%100%0%0%
{17:16:7 pm} - [INCOMING] > <policy-file-request/>
{17:16:7 pm} - [INCOMING] > <msg t='sys'><body action='verChk' r='0'><ver v='153' /></body></msg>
{17:16:7 pm} - [INCOMING] > <msg t='sys'><body action='rndK' r='-1'></body></msg>
{17:16:7 pm} - [INCOMING] > <msg t='sys'><body action='login' r='0'><login z='w1'><nick><![CDATA[teste]]></nick><pword><![CDATA[FDGEIEN@BE]]></pword></login></body></msg>
{17:17:53 pm} - [INCOMING] > <policy-file-request/>
{17:17:53 pm} - [INCOMING] > <msg t='sys'><body action='verChk' r='0'><ver v='153' /></body></msg>
{17:17:53 pm} - [INCOMING] > <msg t='sys'><body action='rndK' r='-1'></body></msg>
{17:17:53 pm} - [INCOMING] > <msg t='sys'><body action='login' r='0'><login z='w1'><nick><![CDATA[teste]]></nick><pword><![CDATA[AA@@MEMEDEG@G@D@]]></pword></login></body></msg>
{17:17:59 pm} - [INCOMING] > <msg t='sys'><body action='verChk' r='0'><ver v='153' /></body></msg>
{17:17:59 pm} - [INCOMING] > <msg t='sys'><body action='rndK' r='-1'></body></msg>
{17:17:59 pm} - [INCOMING] > <msg t='sys'><body action='login' r='0'><login z='w1'><nick><![CDATA[teste]]></nick><pword><![CDATA[FDDEIEI@IE]]></pword></login></body></msg>
{17:18:1 pm} - [INCOMING] > <msg t='sys'><body action='verChk' r='0'><ver v='153' /></body></msg>
{17:18:1 pm} - [INCOMING] > <msg t='sys'><body action='rndK' r='-1'></body></msg>
{17:18:1 pm} - [INCOMING] > <msg t='sys'><body action='login' r='0'><login z='w1'><nick><![CDATA[teste]]></nick><pword><![CDATA[ADA@MEMEEE]]></pword></login></body></msg>
{17:18:2 pm} - [INCOMING] > %xt%s%j#js%-1%%2d354cf32ebb%pt%
{17:18:2 pm} - [INCOMING] > %xt%s%i#gi%-1%
{17:18:2 pm} - [INCOMING] > %xt%s%b#gb%-1%
{17:18:2 pm} - [INCOMING] > %xt%s%n#gn%-1%
{17:18:2 pm} - [INCOMING] > %xt%s%p#pgu%-1%
{17:18:2 pm} - [INCOMING] > %xt%s%u#glr%-1%
{17:18:4 pm} - [INCOMING] > %xt%s%u#sp%-1%365%230%
{17:18:5 pm} - [INCOMING] > %xt%s%j#jr%-1%340%105%330%
{17:18:8 pm} - [INCOMING] > %xt%s%j#jr%-1%100%0%0%
{17:18:10 pm} - [INCOMING] > %xt%s%u#sp%-1%342%205%
{17:18:11 pm} - [INCOMING] > %xt%s%j#jr%-1%120%150%280%
{17:18:17 pm} - [INCOMING] > %xt%s%u#sp%-1%260%150%
{17:18:17 pm} - [INCOMING] > %xt%s%u#sp%-1%260%150%
{17:18:19 pm} - [INCOMING] > %xt%s%j#jr%-1%926%0%0%
{13:37:5 pm} - [INCOMING] > <policy-file-request/>
{13:37:5 pm} - [INCOMING] > <msg t='sys'><body action='verChk' r='0'><ver v='153' /></body></msg>
{13:37:5 pm} - [INCOMING] > <msg t='sys'><body action='rndK' r='-1'></body></msg>
{13:37:5 pm} - [INCOMING] > <msg t='sys'><body action='login' r='0'><login z='w1'><nick><![CDATA[testando]]></nick><pword><![CDATA[FA@@J@LEG@C@FE@E]]></pword></login></body></msg>
{13:37:9 pm} - [INCOMING] > <msg t='sys'><body action='verChk' r='0'><ver v='153' /></body></msg>
{13:37:9 pm} - [INCOMING] > <msg t='sys'><body action='rndK' r='-1'></body></msg>
{13:37:10 pm} - [INCOMING] > <msg t='sys'><body action='login' r='0'><login z='w1'><nick><![CDATA[testando]]></nick><pword><![CDATA[EA@EMELEG@CEC@C@]]></pword></login></body></msg>
{13:37:10 pm} - [INCOMING] > %xt%s%j#js%-1%%f534fb10c094%en%
{13:37:10 pm} - [INCOMING] > %xt%s%i#gi%-1%
{13:37:10 pm} - [INCOMING] > %xt%s%b#gb%-1%
{13:37:10 pm} - [INCOMING] > %xt%s%n#gn%-1%
{13:37:12 pm} - [INCOMING] > %xt%s%u#sp%-1%233%322%
{13:37:14 pm} - [INCOMING] > %xt%s%j#jr%-1%100%0%0%
{13:37:16 pm} - [INCOMING] > %xt%s%u#sp%-1%342%205%
{13:37:17 pm} - [INCOMING] > %xt%s%j#jr%-1%120%150%280%
{13:37:29 pm} - [INCOMING] > %xt%s%j#jr%-1%100%0%0%
{13:37:32 pm} - [INCOMING] > %xt%s%u#sp%-1%342%205%
{13:37:34 pm} - [INCOMING] > %xt%s%j#jr%-1%120%150%280%
{13:37:35 pm} - [INCOMING] > %xt%s%u#sp%-1%533%312%
{13:37:37 pm} - [INCOMING] > %xt%s%u#sp%-1%260%150%
{13:37:40 pm} - [INCOMING] > %xt%s%j#jr%-1%926%0%0%
{13:48:26 pm} - [INCOMING] > <policy-file-request/>
{13:48:26 pm} - [INCOMING] > <msg t='sys'><body action='verChk' r='0'><ver v='153' /></body></msg>
{13:48:26 pm} - [INCOMING] > <msg t='sys'><body action='rndK' r='-1'></body></msg>
{13:48:26 pm} - [INCOMING] > <msg t='sys'><body action='login' r='0'><login z='w1'><nick><![CDATA[testando]]></nick><pword><![CDATA[FABEM@N@HED@@@B@]]></pword></login></body></msg>
{13:48:28 pm} - [INCOMING] > <msg t='sys'><body action='verChk' r='0'><ver v='153' /></body></msg>
{13:48:29 pm} - [INCOMING] > <msg t='sys'><body action='rndK' r='-1'></body></msg>
{13:48:29 pm} - [INCOMING] > <msg t='sys'><body action='login' r='0'><login z='w1'><nick><![CDATA[testando]]></nick><pword><![CDATA[EALEL@MEHE@@B@FE]]></pword></login></body></msg>
{13:48:29 pm} - [INCOMING] > %xt%s%j#js%-1%%f9b5910eb9f2%en%
{13:48:29 pm} - [INCOMING] > %xt%s%i#gi%-1%
{13:48:29 pm} - [INCOMING] > %xt%s%b#gb%-1%
{13:48:29 pm} - [INCOMING] > %xt%s%n#gn%-1%
{13:48:30 pm} - [INCOMING] > %xt%s%p#pgu%-1%
{13:48:30 pm} - [INCOMING] > %xt%s%u#glr%-1%
{13:48:30 pm} - [INCOMING] > %xt%s%i#qpa%-1%103%
{13:48:36 pm} - [INCOMING] > %xt%s%u#sp%-1%275%225%
{13:48:37 pm} - [INCOMING] > %xt%s%j#jr%-1%110%350%225%
{13:48:39 pm} - [INCOMING] > %xt%s%u#sp%-1%520%320%
{13:48:41 pm} - [INCOMING] > %xt%s%j#jr%-1%901%0%0%
{13:49:29 pm} - [INCOMING] > %xt%s%u#h%-1%
{13:49:55 pm} - [INCOMING] > %xt%z%zo%-1%48%
{13:50:29 pm} - [INCOMING] > %xt%s%u#h%-1%
{13:51:29 pm} - [INCOMING] > %xt%s%u#h%-1%
{13:52:29 pm} - [INCOMING] > %xt%s%u#h%-1%
{13:53:29 pm} - [INCOMING] > %xt%s%u#h%-1%
{13:53:46 pm} - [INCOMING] > %xt%s%j#jr%-1%110%0%0%
{13:53:50 pm} - [INCOMING] > %xt%s%g#gr%-1%
{13:53:55 pm} - [INCOMING] > %xt%s%j#jr%-1%100%0%0%
{13:53:59 pm} - [INCOMING] > %xt%s%u#sp%-1%335%200%
{13:53:59 pm} - [INCOMING] > %xt%s%j#jr%-1%120%150%280%
{13:54:2 pm} - [INCOMING] > %xt%s%u#sp%-1%438%315%
{13:54:2 pm} - [INCOMING] > %xt%s%u#sp%-1%438%315%
{13:54:3 pm} - [INCOMING] > %xt%s%u#sp%-1%260%150%
{13:54:5 pm} - [INCOMING] > %xt%s%j#jr%-1%926%0%0%
{13:54:23 pm} - [INCOMING] > %xt%z%zo%-1%1%
{13:54:25 pm} - [INCOMING] > %xt%s%j#jr%-1%120%0%0%
{13:54:27 pm} - [INCOMING] > %xt%s%u#sp%-1%86%430%
{13:54:27 pm} - [INCOMING] > %xt%s%u#sp%-1%69%430%
{13:54:29 pm} - [INCOMING] > %xt%s%u#h%-1%
{13:54:31 pm} - [INCOMING] > %xt%s%j#jr%-1%805%0%0%
{13:54:33 pm} - [INCOMING] > %xt%s%u#sp%-1%484%165%
{13:54:34 pm} - [INCOMING] > %xt%s%u#sp%-1%561%276%
{13:54:36 pm} - [INCOMING] > %xt%s%u#sp%-1%635%160%
{13:54:38 pm} - [INCOMING] > %xt%s%j#jr%-1%916%0%0%
{13:55:27 pm} - [INCOMING] > %xt%z%zo%-1%50%
{13:55:28 pm} - [INCOMING] > %xt%s%j#jr%-1%805%0%0%
{13:55:29 pm} - [INCOMING] > %xt%s%u#h%-1%
{13:55:32 pm} - [INCOMING] > %xt%s%j#jr%-1%100%0%0%
{13:55:34 pm} - [INCOMING] > %xt%s%u#sp%-1%275%225%
{13:55:36 pm} - [INCOMING] > %xt%s%j#jr%-1%110%350%225%
{13:55:39 pm} - [INCOMING] > %xt%s%j#jr%-1%400%0%0%
{13:55:42 pm} - [INCOMING] > %xt%s%u#sp%-1%240%200%
{13:55:45 pm} - [INCOMING] > %xt%s%j#jr%-1%410%320%310%
{13:55:50 pm} - [INCOMING] > %xt%s%j#jr%-1%411%175%405%
{13:55:54 pm} - [INCOMING] > %xt%s%u#sp%-1%353%358%
{13:55:58 pm} - [INCOMING] > %xt%s%u#sp%-1%515%414%
{13:55:59 pm} - [INCOMING] > %xt%s%u#sp%-1%645%280%
{13:56:9 pm} - [INCOMING] > %xt%s%j#jr%-1%906%0%0%
{13:56:29 pm} - [INCOMING] > %xt%s%u#h%-1%
{13:57:19 pm} - [INCOMING] > %xt%z%zo%-1%65%
{13:57:21 pm} - [INCOMING] > %xt%s%j#jr%-1%411%0%0%
{13:57:37 pm} - [INCOMING] > <policy-file-request/>
{13:57:37 pm} - [INCOMING] > <msg t='sys'><body action='verChk' r='0'><ver v='153' /></body></msg>
{13:57:37 pm} - [INCOMING] > <msg t='sys'><body action='rndK' r='-1'></body></msg>
{13:57:37 pm} - [INCOMING] > <msg t='sys'><body action='login' r='0'><login z='w1'><nick><![CDATA[testando]]></nick><pword><![CDATA[@AA@JEI@GEE@D@BE]]></pword></login></body></msg>
{14:15:32 pm} - [INCOMING] > <policy-file-request/>
{14:15:32 pm} - [INCOMING] > <msg t='sys'><body action='verChk' r='0'><ver v='153' /></body></msg>
{14:15:32 pm} - [INCOMING] > <msg t='sys'><body action='rndK' r='-1'></body></msg>
{14:15:32 pm} - [INCOMING] > <msg t='sys'><body action='login' r='0'><login z='w1'><nick><![CDATA[testando]]></nick><pword><![CDATA[DDAEM@KEAEE@GEF@]]></pword></login></body></msg>
{14:15:36 pm} - [INCOMING] > <msg t='sys'><body action='verChk' r='0'><ver v='153' /></body></msg>
{14:15:36 pm} - [INCOMING] > <msg t='sys'><body action='rndK' r='-1'></body></msg>
{14:15:36 pm} - [INCOMING] > <msg t='sys'><body action='login' r='0'><login z='w1'><nick><![CDATA[testando]]></nick><pword><![CDATA[KDAENE@EG@@@K@D@]]></pword></login></body></msg>
{14:16:36 pm} - [INCOMING] > <policy-file-request/>
{14:16:36 pm} - [INCOMING] > <msg t='sys'><body action='verChk' r='0'><ver v='153' /></body></msg>
{14:16:36 pm} - [INCOMING] > <msg t='sys'><body action='rndK' r='-1'></body></msg>
{14:16:36 pm} - [INCOMING] > <msg t='sys'><body action='login' r='0'><login z='w1'><nick><![CDATA[testando]]></nick><pword><![CDATA[FAMEJEI@D@E@A@EE]]></pword></login></body></msg>
{14:16:38 pm} - [INCOMING] > <msg t='sys'><body action='verChk' r='0'><ver v='153' /></body></msg>
{14:16:38 pm} - [INCOMING] > <msg t='sys'><body action='rndK' r='-1'></body></msg>
{14:16:38 pm} - [INCOMING] > <msg t='sys'><body action='login' r='0'><login z='w1'><nick><![CDATA[testando]]></nick><pword><![CDATA[GAMEJ@JED@EEDEK@]]></pword></login></body></msg>
{14:19:34 pm} - [INCOMING] > <policy-file-request/>
{14:19:34 pm} - [INCOMING] > <msg t='sys'><body action='verChk' r='0'><ver v='153' /></body></msg>
{14:19:34 pm} - [INCOMING] > <msg t='sys'><body action='rndK' r='-1'></body></msg>
{14:19:34 pm} - [INCOMING] > <msg t='sys'><body action='login' r='0'><login z='w1'><nick><![CDATA[testando]]></nick><pword><![CDATA[EADEJEL@BEF@GEK@]]></pword></login></body></msg>
{14:19:36 pm} - [INCOMING] > <msg t='sys'><body action='verChk' r='0'><ver v='153' /></body></msg>
{14:19:36 pm} - [INCOMING] > <msg t='sys'><body action='rndK' r='-1'></body></msg>
{14:19:36 pm} - [INCOMING] > <msg t='sys'><body action='login' r='0'><login z='w1'><nick><![CDATA[testando]]></nick><pword><![CDATA[CDGEHEL@HEB@GED@]]></pword></login></body></msg>
{14:19:37 pm} - [INCOMING] > %xt%s%j#js%-1%%026d93e7a815%pt%
{14:19:37 pm} - [INCOMING] > %xt%s%i#gi%-1%
{14:19:37 pm} - [INCOMING] > %xt%s%b#gb%-1%
{14:19:37 pm} - [INCOMING] > %xt%s%n#gn%-1%
{14:19:38 pm} - [INCOMING] > %xt%s%u#sp%-1%355%201%
{14:19:38 pm} - [INCOMING] > %xt%s%u#sp%-1%355%201%
{14:19:40 pm} - [INCOMING] > %xt%s%u#sp%-1%269%246%
{14:19:44 pm} - [INCOMING] > %xt%s%j#jr%-1%100%0%0%
{14:19:46 pm} - [INCOMING] > %xt%s%u#sp%-1%342%205%
{14:19:47 pm} - [INCOMING] > %xt%s%j#jr%-1%120%150%280%
{14:19:54 pm} - [INCOMING] > %xt%s%j#jr%-1%100%0%0%
{14:19:57 pm} - [INCOMING] > %xt%s%j#jr%-1%321%0%0%
{14:19:58 pm} - [INCOMING] > %xt%s%u#sp%-1%390%300%
{14:19:58 pm} - [INCOMING] > %xt%s%u#sp%-1%390%300%
{14:19:59 pm} - [INCOMING] > %xt%s%j#jr%-1%320%200%330%
{14:20:1 pm} - [INCOMING] > %xt%s%u#sp%-1%412%311%
{14:20:1 pm} - [INCOMING] > %xt%s%u#sp%-1%412%311%
{14:20:3 pm} - [INCOMING] > %xt%s%u#sp%-1%550%320%
{14:20:6 pm} - [INCOMING] > %xt%s%j#jr%-1%951%0%0%
{14:20:7 pm} - [INCOMING] > %xt%s%i#ai%-1%821%
{14:20:16 pm} - [INCOMING] > %xt%s%j#jr%-1%320%0%0%
{14:20:17 pm} - [INCOMING] > %xt%s%u#sp%-1%550%320%
{14:20:18 pm} - [INCOMING] > %xt%s%u#sp%-1%453%294%
{14:20:18 pm} - [INCOMING] > %xt%s%u#sp%-1%453%294%
{14:20:18 pm} - [INCOMING] > %xt%s%u#sp%-1%453%294%
{14:20:18 pm} - [INCOMING] > %xt%s%u#sp%-1%456%297%
{14:20:18 pm} - [INCOMING] > %xt%s%u#sp%-1%479%307%
{14:20:19 pm} - [INCOMING] > %xt%s%u#sp%-1%479%307%
{14:20:19 pm} - [INCOMING] > %xt%s%u#sp%-1%479%307%
{14:20:19 pm} - [INCOMING] > %xt%s%u#sp%-1%498%306%
{14:20:19 pm} - [INCOMING] > %xt%s%u#sp%-1%550%320%
{14:20:22 pm} - [INCOMING] > %xt%s%j#jr%-1%951%0%0%
{14:20:37 pm} - [INCOMING] > %xt%s%u#h%-1%
{14:20:39 pm} - [INCOMING] > %xt%s%j#jr%-1%320%0%0%
{14:20:44 pm} - [INCOMING] > %xt%s%j#jr%-1%805%0%0%
{14:20:48 pm} - [INCOMING] > %xt%s%j#jr%-1%100%0%0%
