{16:25:23 pm} - [UNKNOWN PACKET] > %xt%s%f#epfgf%-1%
{16:25:23 pm} - [UNKNOWN PACKET] > %xt%s%f#epfga%-1%
{16:25:24 pm} - [UNKNOWN PACKET] > %xt%s%f#epfgr%-1%
{16:25:25 pm} - [UNKNOWN PACKET] > %xt%s%f#epfgf%-1%
{16:25:29 pm} - [UNKNOWN PACKET] > %xt%s%f#epfgr%-1%
{16:25:34 pm} - [UNKNOWN PACKET] > %xt%s%f#epfgr%-1%
{16:25:37 pm} - [UNKNOWN PACKET] > %xt%s%f#epfgr%-1%
{16:25:54 pm} - [UNKNOWN PACKET] > %xt%s%f#epfgr%-1%
{16:26:0 pm} - [UNKNOWN PACKET] > %xt%s%f#epfgr%-1%
{16:27:19 pm} - [UNKNOWN PACKET] > %xt%s%f#epfgr%-1%
{16:27:27 pm} - [UNKNOWN PACKET] > %xt%s%f#epfgr%-1%
{16:27:32 pm} - [UNKNOWN PACKET] > %xt%z%gw%-1%200%201%202%203%
{16:27:32 pm} - [UNKNOWN PACKET] > %xt%s%f#epfgr%-1%
{16:27:40 pm} - [UNKNOWN PACKET] > %xt%s%f#epfgr%-1%
{16:27:53 pm} - [UNKNOWN PACKET] > %xt%s%f#epfgr%-1%
{16:27:57 pm} - [UNKNOWN PACKET] > %xt%s%f#epfgr%-1%
{16:28:7 pm} - [UNKNOWN PACKET] > %xt%s%f#epfgr%-1%
{16:30:29 pm} - [UNKNOWN PACKET] > %xt%s%f#epfgr%-1%
{16:30:32 pm} - [UNKNOWN PACKET] > %xt%s%f#epfgr%-1%
{16:30:51 pm} - [UNKNOWN PACKET] > %xt%s%f#epfgr%-1%
{17:18:1 pm} - [UNKNOWN PACKET] > %xt%s%f#epfgf%-1%
{17:18:2 pm} - [UNKNOWN PACKET] > %xt%s%l#mst%-1%
{17:18:2 pm} - [UNKNOWN PACKET] > %xt%s%l#mg%-1%
{17:18:2 pm} - [UNKNOWN PACKET] > %xt%s%f#epfgr%-1%
{17:18:4 pm} - [UNKNOWN PACKET] > %xt%s%f#epfgf%-1%
{17:18:6 pm} - [UNKNOWN PACKET] > %xt%s%f#epfgr%-1%
{17:18:9 pm} - [UNKNOWN PACKET] > %xt%s%f#epfgr%-1%
{17:18:12 pm} - [UNKNOWN PACKET] > %xt%s%f#epfgr%-1%
{13:37:10 pm} - [UNKNOWN PACKET] > %xt%s%f#epfgf%-1%
{13:37:10 pm} - [UNKNOWN PACKET] > %xt%s%l#mst%-1%
{13:37:10 pm} - [UNKNOWN PACKET] > %xt%s%f#epfgr%-1%
{13:37:12 pm} - [UNKNOWN PACKET] > %xt%s%f#epfgf%-1%
{13:37:14 pm} - [UNKNOWN PACKET] > %xt%s%f#epfgr%-1%
{13:37:18 pm} - [UNKNOWN PACKET] > %xt%s%f#epfgr%-1%
{13:37:29 pm} - [UNKNOWN PACKET] > %xt%s%f#epfgr%-1%
{13:37:34 pm} - [UNKNOWN PACKET] > %xt%s%f#epfgr%-1%
{13:48:29 pm} - [UNKNOWN PACKET] > %xt%s%f#epfgf%-1%
{13:48:29 pm} - [UNKNOWN PACKET] > %xt%s%l#mst%-1%
{13:48:30 pm} - [UNKNOWN PACKET] > %xt%s%f#epfga%-1%
{13:48:31 pm} - [UNKNOWN PACKET] > %xt%s%f#epfgf%-1%
{13:48:37 pm} - [UNKNOWN PACKET] > %xt%s%f#epfgr%-1%
{13:53:47 pm} - [UNKNOWN PACKET] > %xt%s%f#epfgr%-1%
{13:53:55 pm} - [UNKNOWN PACKET] > %xt%s%f#epfgr%-1%
{13:54:0 pm} - [UNKNOWN PACKET] > %xt%s%f#epfgr%-1%
{13:54:6 pm} - [UNKNOWN PACKET] > %xt%z%ggd%-1%1%
{13:54:25 pm} - [UNKNOWN PACKET] > %xt%s%f#epfgr%-1%
{13:54:32 pm} - [UNKNOWN PACKET] > %xt%s%f#epfgr%-1%
{13:55:29 pm} - [UNKNOWN PACKET] > %xt%s%f#epfgr%-1%
{13:55:33 pm} - [UNKNOWN PACKET] > %xt%s%f#epfgr%-1%
{13:55:36 pm} - [UNKNOWN PACKET] > %xt%s%f#epfgr%-1%
{13:55:40 pm} - [UNKNOWN PACKET] > %xt%s%f#epfgr%-1%
{13:55:46 pm} - [UNKNOWN PACKET] > %xt%s%f#epfgr%-1%
{13:55:50 pm} - [UNKNOWN PACKET] > %xt%s%f#epfgr%-1%
{13:57:21 pm} - [UNKNOWN PACKET] > %xt%s%f#epfgr%-1%
{14:15:36 pm} - [UNKNOWN PACKET] > %xt%s%f#epfgf%-1%
{14:16:38 pm} - [UNKNOWN PACKET] > %xt%s%f#epfgf%-1%
{14:19:36 pm} - [UNKNOWN PACKET] > %xt%s%f#epfgf%-1%
{14:19:37 pm} - [UNKNOWN PACKET] > %xt%s%l#mst%-1%
{14:19:37 pm} - [UNKNOWN PACKET] > %xt%s%f#epfgr%-1%
{14:19:39 pm} - [UNKNOWN PACKET] > %xt%s%f#epfgf%-1%
{14:19:44 pm} - [UNKNOWN PACKET] > %xt%s%f#epfgr%-1%
{14:19:47 pm} - [UNKNOWN PACKET] > %xt%s%f#epfgr%-1%
{14:19:54 pm} - [UNKNOWN PACKET] > %xt%s%f#epfgr%-1%
{14:19:57 pm} - [UNKNOWN PACKET] > %xt%s%f#epfgr%-1%
{14:20:0 pm} - [UNKNOWN PACKET] > %xt%z%gw%-1%200%201%202%203%
{14:20:0 pm} - [UNKNOWN PACKET] > %xt%s%f#epfgr%-1%
{14:20:14 pm} - [UNKNOWN PACKET] > %xt%z%jmm%-1%
{14:20:16 pm} - [UNKNOWN PACKET] > %xt%z%gw%-1%200%201%202%203%
{14:20:16 pm} - [UNKNOWN PACKET] > %xt%s%f#epfgr%-1%
{14:20:23 pm} - [UNKNOWN PACKET] > %xt%z%jsen%-1%
{14:20:23 pm} - [UNKNOWN PACKET] > %xt%z%jsen%-1%
{14:20:24 pm} - [UNKNOWN PACKET] > %xt%z%jsen%-1%
{14:20:26 pm} - [UNKNOWN PACKET] > %xt%z%jsen%-1%
{14:20:29 pm} - [UNKNOWN PACKET] > %xt%z%jsen%-1%
{14:20:34 pm} - [UNKNOWN PACKET] > %xt%z%jsen%-1%
{14:20:34 pm} - [UNKNOWN PACKET] > %xt%z%jsen%-1%
{14:20:35 pm} - [UNKNOWN PACKET] > %xt%z%jmm%-1%
{14:20:39 pm} - [UNKNOWN PACKET] > %xt%z%gw%-1%200%201%202%203%
{14:20:39 pm} - [UNKNOWN PACKET] > %xt%s%f#epfgr%-1%
{14:20:44 pm} - [UNKNOWN PACKET] > %xt%s%f#epfgr%-1%
{14:20:48 pm} - [UNKNOWN PACKET] > %xt%s%f#epfgr%-1%
